<?xml version="1.0" encoding="UTF-8"?>
<testng-results skipped="0" failed="0" ignored="0" total="1" passed="1">
  <reporter-output>
  </reporter-output>
  <suite name="Default suite" duration-ms="17182" started-at="2018-06-20T16:55:37Z" finished-at="2018-06-20T16:55:55Z">
    <groups>
    </groups>
    <test name="Default test" duration-ms="17182" started-at="2018-06-20T16:55:37Z" finished-at="2018-06-20T16:55:55Z">
      <class name="com.prestashop.tests.PrestashopLoginPositiveScenarios">
        <test-method status="PASS" signature="setup()[pri:0, instance:com.prestashop.tests.PrestashopLoginPositiveScenarios@6a4f787b]" name="setup" is-config="true" duration-ms="3550" started-at="2018-06-20T16:55:38Z" finished-at="2018-06-20T16:55:41Z">
          <reporter-output>
          </reporter-output>
        </test-method> <!-- setup -->
        <test-method status="PASS" signature="loginTest()[pri:0, instance:com.prestashop.tests.PrestashopLoginPositiveScenarios@6a4f787b]" name="loginTest" duration-ms="13478" started-at="2018-06-20T16:55:41Z" finished-at="2018-06-20T16:55:55Z">
          <reporter-output>
          </reporter-output>
        </test-method> <!-- loginTest -->
        <test-method status="PASS" signature="teardown()[pri:0, instance:com.prestashop.tests.PrestashopLoginPositiveScenarios@6a4f787b]" name="teardown" is-config="true" duration-ms="134" started-at="2018-06-20T16:55:55Z" finished-at="2018-06-20T16:55:55Z">
          <reporter-output>
          </reporter-output>
        </test-method> <!-- teardown -->
      </class> <!-- com.prestashop.tests.PrestashopLoginPositiveScenarios -->
    </test> <!-- Default test -->
  </suite> <!-- Default suite -->
</testng-results>
